<?xml version="1.0" encoding="UTF-8"?>
<testsuite name="cn.swu.edu.javaweb.config.TestEncoder" tests="1" skipped="0" failures="0" errors="0" timestamp="2019-05-31T08:52:43" hostname="think" time="0.116">
  <properties/>
  <testcase name="encoder" classname="cn.swu.edu.javaweb.config.TestEncoder" time="0.116"/>
  <system-out><![CDATA[$2a$04$85Sj8Bcc8itSAKGPbQcANOyJRVfGG5QHUGUgjLK2evWfIAY7ZHvoK
]]></system-out>
  <system-err><![CDATA[]]></system-err>
</testsuite>
